42436.166736111 20 -26 6 62 20 30
42436.1676157406 28 -39 16 62 0 30
42436.1685069441 51 -67 31 62 0 30
42436.1693749996 33 -47 24 62 0 30
42436.1702662031 6 -7 -6 62 0 30
42436.1711342596 86 -115 52 62 20 30
42436.1720254631 81 -110 52 62 0 30
42436.1728935186 49 -67 34 62 0 30
42436.1737847221 2 -6 1 62 20 30
42436.1746527776 -4 4 -3 62 0 30
42436.1755324071 17 -24 4 62 0 30
42436.1764236107 67 -92 48 62 0 30
42436.1773032406 52 -70 38 62 0 30
42436.1781712961 64 -90 49 62 0 30
42436.1790625001 20 -26 5 62 0 30
42436.1799305556 48 -63 28 62 20 30
42436.1808217592 37 -50 21 62 0 30
42436.1817013887 -6 6 -3 62 0 30
42436.1825810182 52 -68 26 62 0 30
42436.1834606477 23 -35 21 62 0 30
42436.1843402777 45 -59 21 62 0 30
42436.1852199072 68 -92 46 62 0 30
42436.1861111107 11 -14 -4 62 0 30
42436.1869791667 37 -48 16 62 0 30
42436.1878587962 57 -77 31 62 0 30
42436.1887384257 11 -17 6 62 0 30
42436.1896180552 81 -108 47 62 0 30
42436.1904976852 103 -141 74 62 20 30
42436.1913773147 108 -147 74 62 0 30
42436.1922685183 2 -5 2 61 0 30
42436.1931365738 66 -89 36 62 0 30
42436.1940162033 -5 6 -3 62 0 30
42436.1949074073 4 -9 8 62 0 30
42436.1957754628 50 -68 25 62 20 30
42436.1966666668 48 -64 26 62 0 30
42436.1975462963 26 -38 17 62 0 30
42436.1984259258 61 -80 32 61 0 30
42436.1992939813 29 -39 21 62 0 30
42436.2001736108 -8 13 -9 62 20 30
42436.2010648143 -1 1 -6 62 20 30
42436.2019444439 61 -84 42 62 20 30
42436.2028240743 39 -52 19 62 20 30
42436.2036921298 8 -14 11 62 20 30
42436.2045833333 -5 8 -14 62 20 30
42436.2054629629 -5 4 -5 62 0 30
42436.2063425924 85 -114 55 62 0 30
42436.2072337959 -6 5 -3 62 0 30
42436.2081018514 52 -67 25 62 0 30
42436.2089930559 75 -100 48 62 0 30
42436.2098611114 59 -80 41 62 0 30
42436.2107407409 87 -119 62 62 0 30
42436.2116203704 41 -54 16 62 0 30
42436.2125115744 -6 6 -2 62 0 30
42436.2133796299 45 -63 34 61 0 30
42436.2142592594 97 -133 67 62 20 30
42436.2151504634 86 -119 64 62 20 30
42436.2160185189 21 -25 1 62 20 30
42436.2169097224 74 -100 42 62 20 30
42436.2177777779 66 -89 35 62 20 30
42436.2186574074 -1 2 -9 62 20 30
42436.219548611 52 -72 40 62 20 30
42436.220428241 44 -61 34 62 20 30
42436.2212962965 73 -100 48 62 20 30
42436.2221875004 37 -47 14 62 20 30
42436.22306713 -4 7 -8 62 20 30
42436.2239467595 41 -55 18 62 20 30
42436.224814815 -1 1 0 62 20 30
42436.2257060185 54 -70 24 61 20 30
42436.226585648 70 -97 43 62 20 30
42436.2274652775 63 -87 40 62 20 30
42436.2283449075 1 -1 -7 62 20 30
42436.2292245375 28 -41 20 62 20 30
42436.230115741 43 -57 20 62 20 30
42436.2309837965 41 -55 23 62 20 30
42436.231863426 51 -68 31 62 20 30
42436.2327430556 50 -67 35 62 20 30
42436.2336226851 -7 9 -5 62 20 30
42436.2345023151 42 -55 18 62 20 30
42436.2353819446 -10 14 -7 62 20 30
42436.2362731486 25 -35 15 62 20 30
42436.2371412041 89 -123 62 62 20 30
42436.2380208336 27 -37 19 61 20 30
42436.2389004631 19 -30 13 62 20 30
42436.2397800926 83 -114 54 62 20 30
42436.2406712966 11 -17 10 62 20 30
42436.2415393521 64 -84 31 61 20 30
42436.2424305556 25 -36 17 62 20 30
42436.2433101851 19 -27 11 62 0 30
42436.2441782411 68 -92 41 62 0 30
42436.2450694446 55 -73 36 62 0 30
42436.2459375001 69 -91 43 62 20 30
42436.2468171297 67 -90 43 62 0 30
42436.2477083337 17 -27 10 61 0 30
42436.2485763892 32 -49 25 62 0 30
42436.2494560187 -22 30 -18 62 0 30
42436.2503472222 27 -35 3 62 0 30
42436.2512268517 54 -75 43 62 0 30
42436.2521064812 21 -32 14 62 20 30
42436.2529861107 14 -24 10 61 0 30
42436.2538657407 35 -48 25 61 0 30
42436.2547453707 11 -15 6 62 0 30
42436.2556250002 87 -117 54 62 0 30
42436.2565046297 -1 1 0 62 0 30
42436.2573842593 61 -84 41 61 0 30
42436.2582638888 80 -108 52 62 20 30
42436.2591435183 77 -101 48 62 20 30
42436.2600231483 86 -117 58 61 20 30
42436.2609027778 43 -58 21 61 20 30
42436.2617824073 65 -83 38 62 20 30
42436.2626620373 56 -78 36 62 0 30
42436.2635416668 1 -2 -8 62 0 30
42436.2644328703 -14 19 -20 62 20 30
42436.2653009258 -12 15 -9 62 0 30
42436.2661805553 23 -28 7 62 0 30
42436.2670601853 59 -83 46 62 20 30
42436.2679398148 62 -87 46 61 0 30
42436.2688310184 17 -23 3 62 0 30
42436.2697106479 57 -78 35 61 0 30
42436.2705787038 43 -59 26 61 0 30
42436.2714699074 10 -14 1 62 0 30
42436.2723379629 60 -79 35 61 0 30
42436.2732175929 -7 11 -9 61 0 30
42436.2740972224 35 -51 33 62 0 30
42436.2749884259 -15 20 -13 61 0 30
42436.2758680554 86 -113 59 61 0 30
42436.2767361109 -1 1 -9 62 0 30
42436.2776273144 23 -29 4 62 0 30
42436.2784953704 53 -77 41 61 0 30
42436.2793865744 44 -58 21 62 20 30
42436.2802546299 34 -49 13 62 20 30
42436.2811458334 39 -55 15 62 0 30
